<?xml version="1.0" encoding="UTF-8"?>
<testng-results ignored="0" total="2" passed="2" failed="0" skipped="0">
  <reporter-output>
  </reporter-output>
  <suite started-at="2023-08-19T14:09:29 IST" name="Default suite" finished-at="2023-08-19T14:09:41 IST" duration-ms="11118">
    <groups>
    </groups>
    <test started-at="2023-08-19T14:09:29 IST" name="Default test" finished-at="2023-08-19T14:09:41 IST" duration-ms="11118">
      <class name="Pageobjectmodel.logintest">
        <test-method is-config="true" signature="setup()[pri:0, instance:Pageobjectmodel.logintest@353352b6]" started-at="2023-08-19T14:09:29 IST" name="setup" finished-at="2023-08-19T14:09:39 IST" duration-ms="9849" status="PASS">
          <reporter-output>
          </reporter-output>
        </test-method> <!-- setup -->
        <test-method signature="testlogo()[pri:1, instance:Pageobjectmodel.logintest@353352b6]" started-at="2023-08-19T14:09:39 IST" name="testlogo" finished-at="2023-08-19T14:09:39 IST" duration-ms="43" status="PASS">
          <reporter-output>
          </reporter-output>
        </test-method> <!-- testlogo -->
        <test-method signature="testlogin()[pri:2, instance:Pageobjectmodel.logintest@353352b6]" started-at="2023-08-19T14:09:39 IST" name="testlogin" finished-at="2023-08-19T14:09:40 IST" duration-ms="1111" status="PASS">
          <reporter-output>
          </reporter-output>
        </test-method> <!-- testlogin -->
        <test-method is-config="true" signature="teardown()[pri:0, instance:Pageobjectmodel.logintest@353352b6]" started-at="2023-08-19T14:09:40 IST" name="teardown" finished-at="2023-08-19T14:09:41 IST" duration-ms="89" status="PASS">
          <reporter-output>
          </reporter-output>
        </test-method> <!-- teardown -->
      </class> <!-- Pageobjectmodel.logintest -->
    </test> <!-- Default test -->
  </suite> <!-- Default suite -->
</testng-results>
