<?xml version="1.0" encoding="UTF-8"?>
<!-- Generated by org.testng.reporters.JUnitXMLReporter -->
<testsuite ignored="4" hostname="AbhinavS" failures="0" tests="1" name="mytest" time="0.039" errors="0" timestamp="2023-08-17T12:19:35 IST">
  <testcase classname="testng.grouping" name="loginbytwitter" time="0.006"/>
  <testcase classname="testng.grouping" name="loginbyEmail" time="0.0">
    <ignored/>
  </testcase> <!-- loginbyEmail -->
  <testcase classname="testng.grouping" name="loginbygmail" time="0.0">
    <ignored/>
  </testcase> <!-- loginbygmail -->
  <testcase classname="testng.grouping" name="loginbyInsta" time="0.0">
    <ignored/>
  </testcase> <!-- loginbyInsta -->
  <testcase classname="testng.grouping" name="loginbyfacebook" time="0.0">
    <ignored/>
  </testcase> <!-- loginbyfacebook -->
</testsuite> <!-- mytest -->
